0 info it worked if it ends with ok
1 verbose cli [ 'C:\\Program Files\\nodejs\\node.exe',
1 verbose cli   'C:\\Users\\jlto\\AppData\\Roaming\\npm\\node_modules\\npm\\bin\\npm-cli.js',
1 verbose cli   'start' ]
2 info using npm@3.10.9
3 info using node@v6.9.1
4 verbose run-script [ 'prestart', 'start', 'poststart' ]
5 info lifecycle server@1.0.0~prestart: server@1.0.0
6 verbose lifecycle server@1.0.0~prestart: unsafe-perm in lifecycle true
7 verbose lifecycle server@1.0.0~prestart: PATH: C:\Users\jlto\AppData\Roaming\npm\node_modules\npm\bin\node-gyp-bin;C:\Users\jlto\Documents\projects\Malacate-estudio\server\node_modules\.bin;C:\Users\jlto\AppData\Roaming\npm\node_modules\npm\bin\node-gyp-bin;C:\Users\jlto\Documents\projects\Malacate-estudio\node_modules\.bin;C:\Users\jlto\AppData\Roaming\npm\node_modules\npm\bin\node-gyp-bin;C:\Users\jlto\Documents\projects\Malacate-estudio\node_modules\.bin;C:\Users\jlto\bin;C:\Program Files\Git\mingw64\bin;C:\Program Files\Git\usr\local\bin;C:\Program Files\Git\usr\bin;C:\Program Files\Git\usr\bin;C:\Program Files\Git\mingw64\bin;C:\Program Files\Git\usr\bin;C:\Users\jlto\bin;C:\Windows\system32;C:\Windows;C:\Windows\System32\Wbem;C:\Windows\System32\WindowsPowerShell\v1.0;C:\Windows\CCM;C:\Windows\CCM;C:\Program Files\Git\cmd;C:\Program Files\nodejs;C:\Ruby23-x64\bin;C:\Users\jlto\AppData\Local\atom\bin;C:\Users\jlto\AppData\Roaming\npm;C:\Program Files (x86)\Microsoft VS Code\bin;C:\Program Files\Git\usr\bin\vendor_perl;C:\Program Files\Git\usr\bin\core_perl
8 verbose lifecycle server@1.0.0~prestart: CWD: C:\Users\jlto\Documents\projects\Malacate-estudio\server
9 silly lifecycle server@1.0.0~prestart: Args: [ '/d /s /c', 'npm i' ]
10 silly lifecycle server@1.0.0~prestart: Returned: code: 0  signal: null
11 info lifecycle server@1.0.0~start: server@1.0.0
12 verbose lifecycle server@1.0.0~start: unsafe-perm in lifecycle true
13 verbose lifecycle server@1.0.0~start: PATH: C:\Users\jlto\AppData\Roaming\npm\node_modules\npm\bin\node-gyp-bin;C:\Users\jlto\Documents\projects\Malacate-estudio\server\node_modules\.bin;C:\Users\jlto\AppData\Roaming\npm\node_modules\npm\bin\node-gyp-bin;C:\Users\jlto\Documents\projects\Malacate-estudio\node_modules\.bin;C:\Users\jlto\AppData\Roaming\npm\node_modules\npm\bin\node-gyp-bin;C:\Users\jlto\Documents\projects\Malacate-estudio\node_modules\.bin;C:\Users\jlto\bin;C:\Program Files\Git\mingw64\bin;C:\Program Files\Git\usr\local\bin;C:\Program Files\Git\usr\bin;C:\Program Files\Git\usr\bin;C:\Program Files\Git\mingw64\bin;C:\Program Files\Git\usr\bin;C:\Users\jlto\bin;C:\Windows\system32;C:\Windows;C:\Windows\System32\Wbem;C:\Windows\System32\WindowsPowerShell\v1.0;C:\Windows\CCM;C:\Windows\CCM;C:\Program Files\Git\cmd;C:\Program Files\nodejs;C:\Ruby23-x64\bin;C:\Users\jlto\AppData\Local\atom\bin;C:\Users\jlto\AppData\Roaming\npm;C:\Program Files (x86)\Microsoft VS Code\bin;C:\Program Files\Git\usr\bin\vendor_perl;C:\Program Files\Git\usr\bin\core_perl
14 verbose lifecycle server@1.0.0~start: CWD: C:\Users\jlto\Documents\projects\Malacate-estudio\server
15 silly lifecycle server@1.0.0~start: Args: [ '/d /s /c', 'node server.js' ]
16 silly lifecycle server@1.0.0~start: Returned: code: 1  signal: null
17 info lifecycle server@1.0.0~start: Failed to exec start script
18 verbose stack Error: server@1.0.0 start: `node server.js`
18 verbose stack Exit status 1
18 verbose stack     at EventEmitter.<anonymous> (C:\Users\jlto\AppData\Roaming\npm\node_modules\npm\lib\utils\lifecycle.js:255:16)
18 verbose stack     at emitTwo (events.js:106:13)
18 verbose stack     at EventEmitter.emit (events.js:191:7)
18 verbose stack     at ChildProcess.<anonymous> (C:\Users\jlto\AppData\Roaming\npm\node_modules\npm\lib\utils\spawn.js:40:14)
18 verbose stack     at emitTwo (events.js:106:13)
18 verbose stack     at ChildProcess.emit (events.js:191:7)
18 verbose stack     at maybeClose (internal/child_process.js:877:16)
18 verbose stack     at Process.ChildProcess._handle.onexit (internal/child_process.js:226:5)
19 verbose pkgid server@1.0.0
20 verbose cwd C:\Users\jlto\Documents\projects\Malacate-estudio\server
21 error Windows_NT 6.3.9600
22 error argv "C:\\Program Files\\nodejs\\node.exe" "C:\\Users\\jlto\\AppData\\Roaming\\npm\\node_modules\\npm\\bin\\npm-cli.js" "start"
23 error node v6.9.1
24 error npm  v3.10.9
25 error code ELIFECYCLE
26 error server@1.0.0 start: `node server.js`
26 error Exit status 1
27 error Failed at the server@1.0.0 start script 'node server.js'.
27 error Make sure you have the latest version of node.js and npm installed.
27 error If you do, this is most likely a problem with the server package,
27 error not with npm itself.
27 error Tell the author that this fails on your system:
27 error     node server.js
27 error You can get information on how to open an issue for this project with:
27 error     npm bugs server
27 error Or if that isn't available, you can get their info via:
27 error     npm owner ls server
27 error There is likely additional logging output above.
28 verbose exit [ 1, true ]
